This is pdfTeX, Version 3.14159265-2.6-1.40.20 (TeX Live 2019) (preloaded format=pdflatex 2019.11.8)  23 JAN 2020 19:46
entering extended mode
 restricted \write18 enabled.
 %&-line parsing enabled.
**"/Users/jakeireland/Desktop/Study/Victoria University/2019/Trimester 3/SCIE30
6b/306/Alia-Laura-research/curse-of-knowing/alice/person/ignorance/fig.tex"

(/Users/jakeireland/Desktop/Study/Victoria University/2019/Trimester 3/SCIE306b
/306/Alia-Laura-research/curse-of-knowing/alice/person/ignorance/fig.tex
LaTeX2e <2018-12-01>

! LaTeX Error: File `./../../../preamble.tex' not found.

Type X to quit or <RETURN> to proceed,
or enter new name. (Default extension: tex)

Enter file name: 
! Emergency stop.
<read *> 
         
l.1 \input{./../../../preamble.tex}
                                   ^^M
End of file on the terminal!

 
Here is how much of TeX's memory you used:
 8 strings out of 492616
 559 string characters out of 6129481
 57124 words of memory out of 5000000
 4025 multiletter control sequences out of 15000+600000
 3640 words of font info for 14 fonts, out of 8000000 for 9000
 1141 hyphenation exceptions out of 8191
 5i,0n,3p,186b,8s stack positions out of 5000i,500n,10000p,200000b,80000s
!  ==> Fatal error occurred, no output PDF file produced!
